c:\users\propietario\appdata\local\microsoft\windows\wer\reportarchive\appcrash_cl.exe_e176dff3cd824ba7d5bfff24625b6097b358ae62_00000000_1168e628\report.wer
c:\users\propietario\appdata\local\microsoft\windows\wer\reportarchive\appcrash_cl.exe_e176dff3cd824ba7d5bfff24625b6097b358ae62_00000000_1dfb6a24\report.wer
c:\users\propietario\appdata\local\microsoft\windows\wer\reportarchive\appcrash_cl.exe_e176dff3cd824ba7d5bfff24625b6097b358ae62_00000000_2030b907\report.wer
c:\users\propietario\appdata\local\microsoft\windows\wer\reportarchive\appcrash_cl.exe_e176dff3cd824ba7d5bfff24625b6097b358ae62_00000000_16a5908b\report.wer
c:\users\propietario\desktop\bolito2\juegos\opengl\opengl game engine\bolitoengine\debug\bolitoengine.pdb
c:\users\propietario\desktop\bolito2\juegos\opengl\opengl game engine\bolitoengine\debug\bolitoengine.idb
c:\users\propietario\desktop\bolito2\juegos\opengl\opengl game engine\bolitoengine\debug\errors.obj
c:\users\propietario\desktop\bolito2\juegos\opengl\opengl game engine\bolitoengine\debug\imageloader.obj
c:\users\propietario\desktop\bolito2\juegos\opengl\opengl game engine\bolitoengine\debug\iomanager.obj
c:\users\propietario\desktop\bolito2\juegos\opengl\opengl game engine\bolitoengine\debug\picopng.obj
c:\users\propietario\desktop\bolito2\juegos\opengl\opengl game engine\bolitoengine\debug\resourcemanager.obj
c:\users\propietario\desktop\bolito2\juegos\opengl\opengl game engine\bolitoengine\debug\shaders.obj
c:\users\propietario\desktop\bolito2\juegos\opengl\opengl game engine\bolitoengine\debug\sprite.obj
c:\users\propietario\desktop\bolito2\juegos\opengl\opengl game engine\bolitoengine\debug\texturecache.obj
c:\users\propietario\desktop\bolito2\juegos\opengl\opengl game engine\bolitoengine\debug\bolitoengine.obj
c:\users\propietario\desktop\bolito2\juegos\opengl\opengl game engine\bolitoengine\debug\window.obj
c:\users\propietario\desktop\bolito2\juegos\opengl\opengl game engine\bolitoengine\debug\camera2d.obj
c:\users\propietario\desktop\bolito2\juegos\opengl\opengl game engine\debug\bolitoengine.lib
c:\users\propietario\desktop\bolito2\juegos\opengl\opengl game engine\debug\bolitoengine.pdb
c:\users\propietario\desktop\bolito2\juegos\opengl\opengl game engine\bolitoengine\debug\bolitoengine.tlog\cl-dw20-dwwin.read.2.tlog
c:\users\propietario\desktop\bolito2\juegos\opengl\opengl game engine\bolitoengine\debug\bolitoengine.tlog\cl-dw20-dwwin.read.4.tlog
c:\users\propietario\desktop\bolito2\juegos\opengl\opengl game engine\bolitoengine\debug\bolitoengine.tlog\cl-dw20-dwwin.read.5.tlog
c:\users\propietario\desktop\bolito2\juegos\opengl\opengl game engine\bolitoengine\debug\bolitoengine.tlog\cl-dw20-dwwin.read.7.tlog
c:\users\propietario\desktop\bolito2\juegos\opengl\opengl game engine\bolitoengine\debug\bolitoengine.tlog\cl-dw20-dwwin.write.2.tlog
c:\users\propietario\desktop\bolito2\juegos\opengl\opengl game engine\bolitoengine\debug\bolitoengine.tlog\cl-dw20.read.1.tlog
c:\users\propietario\desktop\bolito2\juegos\opengl\opengl game engine\bolitoengine\debug\bolitoengine.tlog\cl.command.1.tlog
c:\users\propietario\desktop\bolito2\juegos\opengl\opengl game engine\bolitoengine\debug\bolitoengine.tlog\cl.read.1.tlog
c:\users\propietario\desktop\bolito2\juegos\opengl\opengl game engine\bolitoengine\debug\bolitoengine.tlog\cl.write.1.tlog
c:\users\propietario\desktop\bolito2\juegos\opengl\opengl game engine\bolitoengine\debug\bolitoengine.tlog\lib-link.read.1.tlog
c:\users\propietario\desktop\bolito2\juegos\opengl\opengl game engine\bolitoengine\debug\bolitoengine.tlog\lib-link.write.1.tlog
c:\users\propietario\desktop\bolito2\juegos\opengl\opengl game engine\bolitoengine\debug\bolitoengine.tlog\lib.command.1.tlog
