Compilación iniciada a las 18/06/2015 15:43:06.
     1>Proyecto "C:\Users\Propietario\Desktop\Bolito2\Juegos\OpenGL\OpenGL Game Engine\OpenGL Game Engine\OpenGL Game Engine.vcxproj" en el nodo 2 (Build destinos).
     1>ClCompile:
         C:\Program Files (x86)\Microsoft Visual Studio 14.0\VC\bin\CL.exe /c /ZI /nologo /W3 /WX- /sdl /Od /Oy- /D _MBCS /Gm /EHsc /RTC1 /MDd /GS /fp:precise /Zc:wchar_t /Zc:forScope /Zc:inline /Fo"Debug\\" /Fd"Debug\vc140.pdb" /Gd /TP /analyze- /errorReport:prompt MainGame.cpp
         MainGame.cpp
     1>c:\users\propietario\desktop\bolito2\juegos\opengl\opengl game engine\opengl game engine\maingame.cpp(67): warning C4102: 'std': etiqueta sin referencia
     1>c:\users\propietario\desktop\bolito2\juegos\opengl\opengl game engine\opengl game engine\maingame.cpp(89): warning C4244: 'inicializando': conversión de 'Uint32' a 'float'; posible pérdida de datos
     1>c:\users\propietario\desktop\bolito2\juegos\opengl\opengl game engine\opengl game engine\maingame.cpp(140): warning C4018: '<': no coinciden signed/unsigned
     1>c:\users\propietario\desktop\bolito2\juegos\opengl\opengl game engine\opengl game engine\maingame.cpp(155): warning C4244: 'inicializando': conversión de 'Uint32' a 'float'; posible pérdida de datos
     1>c:\users\propietario\desktop\bolito2\juegos\opengl\opengl game engine\opengl game engine\maingame.cpp(156): warning C4244: 'inicializando': conversión de 'Uint32' a 'float'; posible pérdida de datos
       Link:
         C:\Program Files (x86)\Microsoft Visual Studio 14.0\VC\bin\link.exe /ERRORREPORT:PROMPT /OUT:"C:\Users\Propietario\Desktop\Bolito2\Juegos\OpenGL\OpenGL Game Engine\Debug\OpenGL Game Engine.exe" /INCREMENTAL /NOLOGO SDL2.lib SDL2main.lib opengl32.lib glew32.lib kernel32.lib user32.lib gdi32.lib winspool.lib comdlg32.lib advapi32.lib shell32.lib ole32.lib oleaut32.lib uuid.lib odbc32.lib odbccp32.lib /MANIFEST /MANIFESTUAC:"level='asInvoker' uiAccess='false'" /manifest:embed /DEBUG /PDB:"C:\Users\Propietario\Desktop\Bolito2\Juegos\OpenGL\OpenGL Game Engine\Debug\OpenGL Game Engine.pdb" /SUBSYSTEM:CONSOLE /TLBID:1 /DYNAMICBASE /NXCOMPAT /IMPLIB:"C:\Users\Propietario\Desktop\Bolito2\Juegos\OpenGL\OpenGL Game Engine\Debug\OpenGL Game Engine.lib" /MACHINE:X86 Debug\Errors.obj
         Debug\ImageLoader.obj
         Debug\IOManager.obj
         Debug\main.obj
         Debug\MainGame.obj
         Debug\picoPNG.obj
         Debug\ResourceManager.obj
         Debug\Shaders.obj
         Debug\Sprite.obj
         Debug\TextureCache.obj
         OpenGL Game Engine.vcxproj -> C:\Users\Propietario\Desktop\Bolito2\Juegos\OpenGL\OpenGL Game Engine\Debug\OpenGL Game Engine.exe
     1>Compilación del proyecto terminada "C:\Users\Propietario\Desktop\Bolito2\Juegos\OpenGL\OpenGL Game Engine\OpenGL Game Engine\OpenGL Game Engine.vcxproj" (Build destinos).

Compilación correcta.

Tiempo transcurrido 00:00:01.70
